<?xml version="1.0" encoding="UTF-8"?>
<testng-results ignored="0" total="1" passed="1" failed="0" skipped="0">
  <reporter-output>
    <line>
      <![CDATA[Database connected]]>
    </line>
    <line>
      <![CDATA[browser launched successfully]]>
    </line>
    <line>
      <![CDATA[login successfully]]>
    </line>
    <line>
      <![CDATA[Assertion pass]]>
    </line>
    <line>
      <![CDATA[logout from Actitime]]>
    </line>
    <line>
      <![CDATA[Browser closed succesfully]]>
    </line>
    <line>
      <![CDATA[Database disconnected]]>
    </line>
  </reporter-output>
  <suite started-at="2023-02-22T08:58:15 IST" name="Default suite" finished-at="2023-02-22T08:58:52 IST" duration-ms="37038">
    <groups>
    </groups>
    <test started-at="2023-02-22T08:58:15 IST" name="Default test" finished-at="2023-02-22T08:58:52 IST" duration-ms="37038">
      <class name="com.Actitime.test_script.CreateCustomer">
        <test-method is-config="true" signature="databaseconnection()[pri:0, instance:com.Actitime.test_script.CreateCustomer@169e6180]" started-at="2023-02-22T08:58:15 IST" name="databaseconnection" finished-at="2023-02-22T08:58:15 IST" duration-ms="6" status="PASS">
          <reporter-output>
            <line>
              <![CDATA[Database connected]]>
            </line>
          </reporter-output>
        </test-method> <!-- databaseconnection -->
        <test-method is-config="true" signature="launchbrowser()[pri:0, instance:com.Actitime.test_script.CreateCustomer@169e6180]" started-at="2023-02-22T08:58:15 IST" name="launchbrowser" finished-at="2023-02-22T08:58:26 IST" duration-ms="10633" status="PASS">
          <reporter-output>
            <line>
              <![CDATA[browser launched successfully]]>
            </line>
          </reporter-output>
        </test-method> <!-- launchbrowser -->
        <test-method is-config="true" signature="loginActitime()[pri:0, instance:com.Actitime.test_script.CreateCustomer@169e6180]" started-at="2023-02-22T08:58:26 IST" name="loginActitime" finished-at="2023-02-22T08:58:26 IST" duration-ms="261" status="PASS">
          <reporter-output>
            <line>
              <![CDATA[login successfully]]>
            </line>
          </reporter-output>
        </test-method> <!-- loginActitime -->
        <test-method signature="createcutomer()[pri:0, instance:com.Actitime.test_script.CreateCustomer@169e6180]" started-at="2023-02-22T08:58:26 IST" name="createcutomer" finished-at="2023-02-22T08:58:34 IST" duration-ms="8121" status="PASS">
          <reporter-output>
            <line>
              <![CDATA[Assertion pass]]>
            </line>
          </reporter-output>
        </test-method> <!-- createcutomer -->
        <test-method is-config="true" signature="logoutActitime()[pri:0, instance:com.Actitime.test_script.CreateCustomer@169e6180]" started-at="2023-02-22T08:58:34 IST" name="logoutActitime" finished-at="2023-02-22T08:58:36 IST" duration-ms="1710" status="PASS">
          <reporter-output>
            <line>
              <![CDATA[logout from Actitime]]>
            </line>
          </reporter-output>
        </test-method> <!-- logoutActitime -->
        <test-method is-config="true" signature="closebrowser()[pri:0, instance:com.Actitime.test_script.CreateCustomer@169e6180]" started-at="2023-02-22T08:58:36 IST" name="closebrowser" finished-at="2023-02-22T08:58:52 IST" duration-ms="16268" status="PASS">
          <reporter-output>
            <line>
              <![CDATA[Browser closed succesfully]]>
            </line>
          </reporter-output>
        </test-method> <!-- closebrowser -->
        <test-method is-config="true" signature="Databasedisconnection()[pri:0, instance:com.Actitime.test_script.CreateCustomer@169e6180]" started-at="2023-02-22T08:58:52 IST" name="Databasedisconnection" finished-at="2023-02-22T08:58:52 IST" duration-ms="0" status="PASS">
          <reporter-output>
            <line>
              <![CDATA[Database disconnected]]>
            </line>
          </reporter-output>
        </test-method> <!-- Databasedisconnection -->
      </class> <!-- com.Actitime.test_script.CreateCustomer -->
    </test> <!-- Default test -->
  </suite> <!-- Default suite -->
</testng-results>
